
*** Running vivado
    with args -log top_tb.vds -m64 -product Vivado -mode batch -messageDb vivado.pb -notrace -source top_tb.tcl


****** Vivado v2019.2 (64-bit)
  **** SW Build 2708876 on Wed Nov  6 21:40:23 MST 2019
  **** IP Build 2700528 on Thu Nov  7 00:09:20 MST 2019
    ** Copyright 1986-2019 Xilinx, Inc. All Rights Reserved.

source top_tb.tcl -notrace
Command: synth_design -top top_tb -part xc7vx485tffg1157-1
Starting synth_design
Attempting to get a license for feature 'Synthesis' and/or device 'xc7vx485t'
INFO: [Common 17-349] Got license for feature 'Synthesis' and/or device 'xc7vx485t'
INFO: Launching helper process for spawning children vivado processes
INFO: Helper process launched with PID 29008 
---------------------------------------------------------------------------------
Starting Synthesize : Time (s): cpu = 00:00:04 ; elapsed = 00:00:05 . Memory (MB): peak = 688.289 ; gain = 239.664
---------------------------------------------------------------------------------
INFO: [Synth 8-6157] synthesizing module 'top_tb' [F:/MyRVCore/04.MemoryAccess/MemoryAccess.srcs/sources_1/new/top_tb.v:23]
WARNING: [Synth 8-2898] ignoring malformed $readmem task [F:/MyRVCore/04.MemoryAccess/MemoryAccess.srcs/sources_1/new/top_tb.v:40]
WARNING: [Synth 8-4446] all outputs are unconnected for this instance and logic may be removed [F:/MyRVCore/04.MemoryAccess/MemoryAccess.srcs/sources_1/new/top_tb.v:27]
INFO: [Synth 8-6157] synthesizing module 'top' [F:/MyRVCore/04.MemoryAccess/MemoryAccess.srcs/sources_1/new/top.v:23]
INFO: [Synth 8-6157] synthesizing module 'core' [F:/MyRVCore/04.MemoryAccess/MemoryAccess.srcs/sources_1/new/core.v:23]
INFO: [Synth 8-6157] synthesizing module 'ctrl' [F:/MyRVCore/04.MemoryAccess/MemoryAccess.srcs/sources_1/new/ctrl.v:23]
INFO: [Synth 8-6155] done synthesizing module 'ctrl' (1#1) [F:/MyRVCore/04.MemoryAccess/MemoryAccess.srcs/sources_1/new/ctrl.v:23]
INFO: [Synth 8-6157] synthesizing module 'pc_reg' [F:/MyRVCore/04.MemoryAccess/MemoryAccess.srcs/sources_1/new/pc_reg.v:23]
INFO: [Synth 8-6155] done synthesizing module 'pc_reg' (2#1) [F:/MyRVCore/04.MemoryAccess/MemoryAccess.srcs/sources_1/new/pc_reg.v:23]
INFO: [Synth 8-6157] synthesizing module 'if_id' [F:/MyRVCore/04.MemoryAccess/MemoryAccess.srcs/sources_1/new/if_id.v:23]
INFO: [Synth 8-6155] done synthesizing module 'if_id' (3#1) [F:/MyRVCore/04.MemoryAccess/MemoryAccess.srcs/sources_1/new/if_id.v:23]
INFO: [Synth 8-6157] synthesizing module 'id' [F:/MyRVCore/04.MemoryAccess/MemoryAccess.srcs/sources_1/new/id.v:23]
INFO: [Synth 8-226] default block is never used [F:/MyRVCore/04.MemoryAccess/MemoryAccess.srcs/sources_1/new/id.v:381]
INFO: [Synth 8-226] default block is never used [F:/MyRVCore/04.MemoryAccess/MemoryAccess.srcs/sources_1/new/id.v:477]
INFO: [Synth 8-226] default block is never used [F:/MyRVCore/04.MemoryAccess/MemoryAccess.srcs/sources_1/new/id.v:555]
INFO: [Synth 8-6155] done synthesizing module 'id' (4#1) [F:/MyRVCore/04.MemoryAccess/MemoryAccess.srcs/sources_1/new/id.v:23]
INFO: [Synth 8-6157] synthesizing module 'regfile' [F:/MyRVCore/04.MemoryAccess/MemoryAccess.srcs/sources_1/new/regfile.v:23]
INFO: [Synth 8-6155] done synthesizing module 'regfile' (5#1) [F:/MyRVCore/04.MemoryAccess/MemoryAccess.srcs/sources_1/new/regfile.v:23]
INFO: [Synth 8-6157] synthesizing module 'id_ex' [F:/MyRVCore/04.MemoryAccess/MemoryAccess.srcs/sources_1/new/id_ex.v:23]
INFO: [Synth 8-6155] done synthesizing module 'id_ex' (6#1) [F:/MyRVCore/04.MemoryAccess/MemoryAccess.srcs/sources_1/new/id_ex.v:23]
INFO: [Synth 8-6157] synthesizing module 'div' [F:/MyRVCore/04.MemoryAccess/MemoryAccess.srcs/sources_1/new/div.v:23]
INFO: [Synth 8-226] default block is never used [F:/MyRVCore/04.MemoryAccess/MemoryAccess.srcs/sources_1/new/div.v:63]
WARNING: [Synth 8-6014] Unused sequential element temp_op1_reg was removed.  [F:/MyRVCore/04.MemoryAccess/MemoryAccess.srcs/sources_1/new/div.v:72]
WARNING: [Synth 8-6014] Unused sequential element temp_op2_reg was removed.  [F:/MyRVCore/04.MemoryAccess/MemoryAccess.srcs/sources_1/new/div.v:77]
INFO: [Synth 8-6155] done synthesizing module 'div' (7#1) [F:/MyRVCore/04.MemoryAccess/MemoryAccess.srcs/sources_1/new/div.v:23]
INFO: [Synth 8-6157] synthesizing module 'ex' [F:/MyRVCore/04.MemoryAccess/MemoryAccess.srcs/sources_1/new/ex.v:23]
INFO: [Synth 8-6155] done synthesizing module 'ex' (8#1) [F:/MyRVCore/04.MemoryAccess/MemoryAccess.srcs/sources_1/new/ex.v:23]
INFO: [Synth 8-6157] synthesizing module 'ex_mem' [F:/MyRVCore/04.MemoryAccess/MemoryAccess.srcs/sources_1/new/ex_mem.v:23]
INFO: [Synth 8-6155] done synthesizing module 'ex_mem' (9#1) [F:/MyRVCore/04.MemoryAccess/MemoryAccess.srcs/sources_1/new/ex_mem.v:23]
INFO: [Synth 8-6157] synthesizing module 'mem' [F:/MyRVCore/04.MemoryAccess/MemoryAccess.srcs/sources_1/new/mem.v:23]
INFO: [Synth 8-6155] done synthesizing module 'mem' (10#1) [F:/MyRVCore/04.MemoryAccess/MemoryAccess.srcs/sources_1/new/mem.v:23]
INFO: [Synth 8-6157] synthesizing module 'mem_wb' [F:/MyRVCore/04.MemoryAccess/MemoryAccess.srcs/sources_1/new/mem_wb.v:23]
INFO: [Synth 8-6155] done synthesizing module 'mem_wb' (11#1) [F:/MyRVCore/04.MemoryAccess/MemoryAccess.srcs/sources_1/new/mem_wb.v:23]
INFO: [Synth 8-6155] done synthesizing module 'core' (12#1) [F:/MyRVCore/04.MemoryAccess/MemoryAccess.srcs/sources_1/new/core.v:23]
INFO: [Synth 8-6157] synthesizing module 'inst_rom' [F:/MyRVCore/04.MemoryAccess/MemoryAccess.srcs/sources_1/new/inst_rom.v:23]
WARNING: [Synth 8-6026] Ignoring keep related attribute (keep/mark_debug/dont_touch) applied on memory [F:/MyRVCore/04.MemoryAccess/MemoryAccess.srcs/sources_1/new/inst_rom.v:30]

Warning: Trying to implement RAM in registers. Block RAM or DRAM implementation is not possible for one or more of the following reasons :
	1: Unable to determine number of words or word size in RAM. 
	2: No valid read/write found for RAM. 
RAM dissolved into registers
WARNING: [Synth 8-3848] Net inst_mem in module/entity inst_rom does not have driver. [F:/MyRVCore/04.MemoryAccess/MemoryAccess.srcs/sources_1/new/inst_rom.v:30]
WARNING: [Synth 8-3848] Net inst_mem in module/entity inst_rom does not have driver. [F:/MyRVCore/04.MemoryAccess/MemoryAccess.srcs/sources_1/new/inst_rom.v:30]
WARNING: [Synth 8-3848] Net inst_mem in module/entity inst_rom does not have driver. [F:/MyRVCore/04.MemoryAccess/MemoryAccess.srcs/sources_1/new/inst_rom.v:30]
WARNING: [Synth 8-3848] Net inst_mem in module/entity inst_rom does not have driver. [F:/MyRVCore/04.MemoryAccess/MemoryAccess.srcs/sources_1/new/inst_rom.v:30]
WARNING: [Synth 8-3848] Net inst_mem in module/entity inst_rom does not have driver. [F:/MyRVCore/04.MemoryAccess/MemoryAccess.srcs/sources_1/new/inst_rom.v:30]
WARNING: [Synth 8-3848] Net inst_mem in module/entity inst_rom does not have driver. [F:/MyRVCore/04.MemoryAccess/MemoryAccess.srcs/sources_1/new/inst_rom.v:30]
WARNING: [Synth 8-3848] Net inst_mem in module/entity inst_rom does not have driver. [F:/MyRVCore/04.MemoryAccess/MemoryAccess.srcs/sources_1/new/inst_rom.v:30]
WARNING: [Synth 8-3848] Net inst_mem in module/entity inst_rom does not have driver. [F:/MyRVCore/04.MemoryAccess/MemoryAccess.srcs/sources_1/new/inst_rom.v:30]
WARNING: [Synth 8-3848] Net inst_mem in module/entity inst_rom does not have driver. [F:/MyRVCore/04.MemoryAccess/MemoryAccess.srcs/sources_1/new/inst_rom.v:30]
WARNING: [Synth 8-3848] Net inst_mem in module/entity inst_rom does not have driver. [F:/MyRVCore/04.MemoryAccess/MemoryAccess.srcs/sources_1/new/inst_rom.v:30]
WARNING: [Synth 8-3848] Net inst_mem in module/entity inst_rom does not have driver. [F:/MyRVCore/04.MemoryAccess/MemoryAccess.srcs/sources_1/new/inst_rom.v:30]
WARNING: [Synth 8-3848] Net inst_mem in module/entity inst_rom does not have driver. [F:/MyRVCore/04.MemoryAccess/MemoryAccess.srcs/sources_1/new/inst_rom.v:30]
WARNING: [Synth 8-3848] Net inst_mem in module/entity inst_rom does not have driver. [F:/MyRVCore/04.MemoryAccess/MemoryAccess.srcs/sources_1/new/inst_rom.v:30]
WARNING: [Synth 8-3848] Net inst_mem in module/entity inst_rom does not have driver. [F:/MyRVCore/04.MemoryAccess/MemoryAccess.srcs/sources_1/new/inst_rom.v:30]
WARNING: [Synth 8-3848] Net inst_mem in module/entity inst_rom does not have driver. [F:/MyRVCore/04.MemoryAccess/MemoryAccess.srcs/sources_1/new/inst_rom.v:30]
WARNING: [Synth 8-3848] Net inst_mem in module/entity inst_rom does not have driver. [F:/MyRVCore/04.MemoryAccess/MemoryAccess.srcs/sources_1/new/inst_rom.v:30]
WARNING: [Synth 8-3848] Net inst_mem in module/entity inst_rom does not have driver. [F:/MyRVCore/04.MemoryAccess/MemoryAccess.srcs/sources_1/new/inst_rom.v:30]
WARNING: [Synth 8-3848] Net inst_mem in module/entity inst_rom does not have driver. [F:/MyRVCore/04.MemoryAccess/MemoryAccess.srcs/sources_1/new/inst_rom.v:30]
WARNING: [Synth 8-3848] Net inst_mem in module/entity inst_rom does not have driver. [F:/MyRVCore/04.MemoryAccess/MemoryAccess.srcs/sources_1/new/inst_rom.v:30]
WARNING: [Synth 8-3848] Net inst_mem in module/entity inst_rom does not have driver. [F:/MyRVCore/04.MemoryAccess/MemoryAccess.srcs/sources_1/new/inst_rom.v:30]
WARNING: [Synth 8-3848] Net inst_mem in module/entity inst_rom does not have driver. [F:/MyRVCore/04.MemoryAccess/MemoryAccess.srcs/sources_1/new/inst_rom.v:30]
WARNING: [Synth 8-3848] Net inst_mem in module/entity inst_rom does not have driver. [F:/MyRVCore/04.MemoryAccess/MemoryAccess.srcs/sources_1/new/inst_rom.v:30]
WARNING: [Synth 8-3848] Net inst_mem in module/entity inst_rom does not have driver. [F:/MyRVCore/04.MemoryAccess/MemoryAccess.srcs/sources_1/new/inst_rom.v:30]
WARNING: [Synth 8-3848] Net inst_mem in module/entity inst_rom does not have driver. [F:/MyRVCore/04.MemoryAccess/MemoryAccess.srcs/sources_1/new/inst_rom.v:30]
WARNING: [Synth 8-3848] Net inst_mem in module/entity inst_rom does not have driver. [F:/MyRVCore/04.MemoryAccess/MemoryAccess.srcs/sources_1/new/inst_rom.v:30]
WARNING: [Synth 8-3848] Net inst_mem in module/entity inst_rom does not have driver. [F:/MyRVCore/04.MemoryAccess/MemoryAccess.srcs/sources_1/new/inst_rom.v:30]
WARNING: [Synth 8-3848] Net inst_mem in module/entity inst_rom does not have driver. [F:/MyRVCore/04.MemoryAccess/MemoryAccess.srcs/sources_1/new/inst_rom.v:30]
WARNING: [Synth 8-3848] Net inst_mem in module/entity inst_rom does not have driver. [F:/MyRVCore/04.MemoryAccess/MemoryAccess.srcs/sources_1/new/inst_rom.v:30]
WARNING: [Synth 8-3848] Net inst_mem in module/entity inst_rom does not have driver. [F:/MyRVCore/04.MemoryAccess/MemoryAccess.srcs/sources_1/new/inst_rom.v:30]
WARNING: [Synth 8-3848] Net inst_mem in module/entity inst_rom does not have driver. [F:/MyRVCore/04.MemoryAccess/MemoryAccess.srcs/sources_1/new/inst_rom.v:30]
WARNING: [Synth 8-3848] Net inst_mem in module/entity inst_rom does not have driver. [F:/MyRVCore/04.MemoryAccess/MemoryAccess.srcs/sources_1/new/inst_rom.v:30]
WARNING: [Synth 8-3848] Net inst_mem in module/entity inst_rom does not have driver. [F:/MyRVCore/04.MemoryAccess/MemoryAccess.srcs/sources_1/new/inst_rom.v:30]
WARNING: [Synth 8-3848] Net inst_mem in module/entity inst_rom does not have driver. [F:/MyRVCore/04.MemoryAccess/MemoryAccess.srcs/sources_1/new/inst_rom.v:30]
WARNING: [Synth 8-3848] Net inst_mem in module/entity inst_rom does not have driver. [F:/MyRVCore/04.MemoryAccess/MemoryAccess.srcs/sources_1/new/inst_rom.v:30]
WARNING: [Synth 8-3848] Net inst_mem in module/entity inst_rom does not have driver. [F:/MyRVCore/04.MemoryAccess/MemoryAccess.srcs/sources_1/new/inst_rom.v:30]
WARNING: [Synth 8-3848] Net inst_mem in module/entity inst_rom does not have driver. [F:/MyRVCore/04.MemoryAccess/MemoryAccess.srcs/sources_1/new/inst_rom.v:30]
WARNING: [Synth 8-3848] Net inst_mem in module/entity inst_rom does not have driver. [F:/MyRVCore/04.MemoryAccess/MemoryAccess.srcs/sources_1/new/inst_rom.v:30]
WARNING: [Synth 8-3848] Net inst_mem in module/entity inst_rom does not have driver. [F:/MyRVCore/04.MemoryAccess/MemoryAccess.srcs/sources_1/new/inst_rom.v:30]
WARNING: [Synth 8-3848] Net inst_mem in module/entity inst_rom does not have driver. [F:/MyRVCore/04.MemoryAccess/MemoryAccess.srcs/sources_1/new/inst_rom.v:30]
WARNING: [Synth 8-3848] Net inst_mem in module/entity inst_rom does not have driver. [F:/MyRVCore/04.MemoryAccess/MemoryAccess.srcs/sources_1/new/inst_rom.v:30]
WARNING: [Synth 8-3848] Net inst_mem in module/entity inst_rom does not have driver. [F:/MyRVCore/04.MemoryAccess/MemoryAccess.srcs/sources_1/new/inst_rom.v:30]
WARNING: [Synth 8-3848] Net inst_mem in module/entity inst_rom does not have driver. [F:/MyRVCore/04.MemoryAccess/MemoryAccess.srcs/sources_1/new/inst_rom.v:30]
WARNING: [Synth 8-3848] Net inst_mem in module/entity inst_rom does not have driver. [F:/MyRVCore/04.MemoryAccess/MemoryAccess.srcs/sources_1/new/inst_rom.v:30]
WARNING: [Synth 8-3848] Net inst_mem in module/entity inst_rom does not have driver. [F:/MyRVCore/04.MemoryAccess/MemoryAccess.srcs/sources_1/new/inst_rom.v:30]
WARNING: [Synth 8-3848] Net inst_mem in module/entity inst_rom does not have driver. [F:/MyRVCore/04.MemoryAccess/MemoryAccess.srcs/sources_1/new/inst_rom.v:30]
WARNING: [Synth 8-3848] Net inst_mem in module/entity inst_rom does not have driver. [F:/MyRVCore/04.MemoryAccess/MemoryAccess.srcs/sources_1/new/inst_rom.v:30]
WARNING: [Synth 8-3848] Net inst_mem in module/entity inst_rom does not have driver. [F:/MyRVCore/04.MemoryAccess/MemoryAccess.srcs/sources_1/new/inst_rom.v:30]
WARNING: [Synth 8-3848] Net inst_mem in module/entity inst_rom does not have driver. [F:/MyRVCore/04.MemoryAccess/MemoryAccess.srcs/sources_1/new/inst_rom.v:30]
WARNING: [Synth 8-3848] Net inst_mem in module/entity inst_rom does not have driver. [F:/MyRVCore/04.MemoryAccess/MemoryAccess.srcs/sources_1/new/inst_rom.v:30]
WARNING: [Synth 8-3848] Net inst_mem in module/entity inst_rom does not have driver. [F:/MyRVCore/04.MemoryAccess/MemoryAccess.srcs/sources_1/new/inst_rom.v:30]
WARNING: [Synth 8-3848] Net inst_mem in module/entity inst_rom does not have driver. [F:/MyRVCore/04.MemoryAccess/MemoryAccess.srcs/sources_1/new/inst_rom.v:30]
WARNING: [Synth 8-3848] Net inst_mem in module/entity inst_rom does not have driver. [F:/MyRVCore/04.MemoryAccess/MemoryAccess.srcs/sources_1/new/inst_rom.v:30]
WARNING: [Synth 8-3848] Net inst_mem in module/entity inst_rom does not have driver. [F:/MyRVCore/04.MemoryAccess/MemoryAccess.srcs/sources_1/new/inst_rom.v:30]
WARNING: [Synth 8-3848] Net inst_mem in module/entity inst_rom does not have driver. [F:/MyRVCore/04.MemoryAccess/MemoryAccess.srcs/sources_1/new/inst_rom.v:30]
WARNING: [Synth 8-3848] Net inst_mem in module/entity inst_rom does not have driver. [F:/MyRVCore/04.MemoryAccess/MemoryAccess.srcs/sources_1/new/inst_rom.v:30]
WARNING: [Synth 8-3848] Net inst_mem in module/entity inst_rom does not have driver. [F:/MyRVCore/04.MemoryAccess/MemoryAccess.srcs/sources_1/new/inst_rom.v:30]
WARNING: [Synth 8-3848] Net inst_mem in module/entity inst_rom does not have driver. [F:/MyRVCore/04.MemoryAccess/MemoryAccess.srcs/sources_1/new/inst_rom.v:30]
WARNING: [Synth 8-3848] Net inst_mem in module/entity inst_rom does not have driver. [F:/MyRVCore/04.MemoryAccess/MemoryAccess.srcs/sources_1/new/inst_rom.v:30]
WARNING: [Synth 8-3848] Net inst_mem in module/entity inst_rom does not have driver. [F:/MyRVCore/04.MemoryAccess/MemoryAccess.srcs/sources_1/new/inst_rom.v:30]
WARNING: [Synth 8-3848] Net inst_mem in module/entity inst_rom does not have driver. [F:/MyRVCore/04.MemoryAccess/MemoryAccess.srcs/sources_1/new/inst_rom.v:30]
WARNING: [Synth 8-3848] Net inst_mem in module/entity inst_rom does not have driver. [F:/MyRVCore/04.MemoryAccess/MemoryAccess.srcs/sources_1/new/inst_rom.v:30]
WARNING: [Synth 8-3848] Net inst_mem in module/entity inst_rom does not have driver. [F:/MyRVCore/04.MemoryAccess/MemoryAccess.srcs/sources_1/new/inst_rom.v:30]
WARNING: [Synth 8-3848] Net inst_mem in module/entity inst_rom does not have driver. [F:/MyRVCore/04.MemoryAccess/MemoryAccess.srcs/sources_1/new/inst_rom.v:30]
WARNING: [Synth 8-3848] Net inst_mem in module/entity inst_rom does not have driver. [F:/MyRVCore/04.MemoryAccess/MemoryAccess.srcs/sources_1/new/inst_rom.v:30]
WARNING: [Synth 8-3848] Net inst_mem in module/entity inst_rom does not have driver. [F:/MyRVCore/04.MemoryAccess/MemoryAccess.srcs/sources_1/new/inst_rom.v:30]
WARNING: [Synth 8-3848] Net inst_mem in module/entity inst_rom does not have driver. [F:/MyRVCore/04.MemoryAccess/MemoryAccess.srcs/sources_1/new/inst_rom.v:30]
WARNING: [Synth 8-3848] Net inst_mem in module/entity inst_rom does not have driver. [F:/MyRVCore/04.MemoryAccess/MemoryAccess.srcs/sources_1/new/inst_rom.v:30]
WARNING: [Synth 8-3848] Net inst_mem in module/entity inst_rom does not have driver. [F:/MyRVCore/04.MemoryAccess/MemoryAccess.srcs/sources_1/new/inst_rom.v:30]
WARNING: [Synth 8-3848] Net inst_mem in module/entity inst_rom does not have driver. [F:/MyRVCore/04.MemoryAccess/MemoryAccess.srcs/sources_1/new/inst_rom.v:30]
WARNING: [Synth 8-3848] Net inst_mem in module/entity inst_rom does not have driver. [F:/MyRVCore/04.MemoryAccess/MemoryAccess.srcs/sources_1/new/inst_rom.v:30]
WARNING: [Synth 8-3848] Net inst_mem in module/entity inst_rom does not have driver. [F:/MyRVCore/04.MemoryAccess/MemoryAccess.srcs/sources_1/new/inst_rom.v:30]
WARNING: [Synth 8-3848] Net inst_mem in module/entity inst_rom does not have driver. [F:/MyRVCore/04.MemoryAccess/MemoryAccess.srcs/sources_1/new/inst_rom.v:30]
WARNING: [Synth 8-3848] Net inst_mem in module/entity inst_rom does not have driver. [F:/MyRVCore/04.MemoryAccess/MemoryAccess.srcs/sources_1/new/inst_rom.v:30]
WARNING: [Synth 8-3848] Net inst_mem in module/entity inst_rom does not have driver. [F:/MyRVCore/04.MemoryAccess/MemoryAccess.srcs/sources_1/new/inst_rom.v:30]
WARNING: [Synth 8-3848] Net inst_mem in module/entity inst_rom does not have driver. [F:/MyRVCore/04.MemoryAccess/MemoryAccess.srcs/sources_1/new/inst_rom.v:30]
WARNING: [Synth 8-3848] Net inst_mem in module/entity inst_rom does not have driver. [F:/MyRVCore/04.MemoryAccess/MemoryAccess.srcs/sources_1/new/inst_rom.v:30]
WARNING: [Synth 8-3848] Net inst_mem in module/entity inst_rom does not have driver. [F:/MyRVCore/04.MemoryAccess/MemoryAccess.srcs/sources_1/new/inst_rom.v:30]
WARNING: [Synth 8-3848] Net inst_mem in module/entity inst_rom does not have driver. [F:/MyRVCore/04.MemoryAccess/MemoryAccess.srcs/sources_1/new/inst_rom.v:30]
WARNING: [Synth 8-3848] Net inst_mem in module/entity inst_rom does not have driver. [F:/MyRVCore/04.MemoryAccess/MemoryAccess.srcs/sources_1/new/inst_rom.v:30]
WARNING: [Synth 8-3848] Net inst_mem in module/entity inst_rom does not have driver. [F:/MyRVCore/04.MemoryAccess/MemoryAccess.srcs/sources_1/new/inst_rom.v:30]
WARNING: [Synth 8-3848] Net inst_mem in module/entity inst_rom does not have driver. [F:/MyRVCore/04.MemoryAccess/MemoryAccess.srcs/sources_1/new/inst_rom.v:30]
WARNING: [Synth 8-3848] Net inst_mem in module/entity inst_rom does not have driver. [F:/MyRVCore/04.MemoryAccess/MemoryAccess.srcs/sources_1/new/inst_rom.v:30]
WARNING: [Synth 8-3848] Net inst_mem in module/entity inst_rom does not have driver. [F:/MyRVCore/04.MemoryAccess/MemoryAccess.srcs/sources_1/new/inst_rom.v:30]
WARNING: [Synth 8-3848] Net inst_mem in module/entity inst_rom does not have driver. [F:/MyRVCore/04.MemoryAccess/MemoryAccess.srcs/sources_1/new/inst_rom.v:30]
WARNING: [Synth 8-3848] Net inst_mem in module/entity inst_rom does not have driver. [F:/MyRVCore/04.MemoryAccess/MemoryAccess.srcs/sources_1/new/inst_rom.v:30]
WARNING: [Synth 8-3848] Net inst_mem in module/entity inst_rom does not have driver. [F:/MyRVCore/04.MemoryAccess/MemoryAccess.srcs/sources_1/new/inst_rom.v:30]
WARNING: [Synth 8-3848] Net inst_mem in module/entity inst_rom does not have driver. [F:/MyRVCore/04.MemoryAccess/MemoryAccess.srcs/sources_1/new/inst_rom.v:30]
WARNING: [Synth 8-3848] Net inst_mem in module/entity inst_rom does not have driver. [F:/MyRVCore/04.MemoryAccess/MemoryAccess.srcs/sources_1/new/inst_rom.v:30]
WARNING: [Synth 8-3848] Net inst_mem in module/entity inst_rom does not have driver. [F:/MyRVCore/04.MemoryAccess/MemoryAccess.srcs/sources_1/new/inst_rom.v:30]
WARNING: [Synth 8-3848] Net inst_mem in module/entity inst_rom does not have driver. [F:/MyRVCore/04.MemoryAccess/MemoryAccess.srcs/sources_1/new/inst_rom.v:30]
WARNING: [Synth 8-3848] Net inst_mem in module/entity inst_rom does not have driver. [F:/MyRVCore/04.MemoryAccess/MemoryAccess.srcs/sources_1/new/inst_rom.v:30]
WARNING: [Synth 8-3848] Net inst_mem in module/entity inst_rom does not have driver. [F:/MyRVCore/04.MemoryAccess/MemoryAccess.srcs/sources_1/new/inst_rom.v:30]
WARNING: [Synth 8-3848] Net inst_mem in module/entity inst_rom does not have driver. [F:/MyRVCore/04.MemoryAccess/MemoryAccess.srcs/sources_1/new/inst_rom.v:30]
WARNING: [Synth 8-3848] Net inst_mem in module/entity inst_rom does not have driver. [F:/MyRVCore/04.MemoryAccess/MemoryAccess.srcs/sources_1/new/inst_rom.v:30]
WARNING: [Synth 8-3848] Net inst_mem in module/entity inst_rom does not have driver. [F:/MyRVCore/04.MemoryAccess/MemoryAccess.srcs/sources_1/new/inst_rom.v:30]
WARNING: [Synth 8-3848] Net inst_mem in module/entity inst_rom does not have driver. [F:/MyRVCore/04.MemoryAccess/MemoryAccess.srcs/sources_1/new/inst_rom.v:30]
WARNING: [Synth 8-3848] Net inst_mem in module/entity inst_rom does not have driver. [F:/MyRVCore/04.MemoryAccess/MemoryAccess.srcs/sources_1/new/inst_rom.v:30]
WARNING: [Synth 8-3848] Net inst_mem in module/entity inst_rom does not have driver. [F:/MyRVCore/04.MemoryAccess/MemoryAccess.srcs/sources_1/new/inst_rom.v:30]
WARNING: [Synth 8-3848] Net inst_mem in module/entity inst_rom does not have driver. [F:/MyRVCore/04.MemoryAccess/MemoryAccess.srcs/sources_1/new/inst_rom.v:30]
WARNING: [Synth 8-3848] Net inst_mem in module/entity inst_rom does not have driver. [F:/MyRVCore/04.MemoryAccess/MemoryAccess.srcs/sources_1/new/inst_rom.v:30]
INFO: [Common 17-14] Message 'Synth 8-3848' appears 100 times and further instances of the messages will be disabled. Use the Tcl command set_msg_config to change the current settings.
INFO: [Synth 8-6155] done synthesizing module 'inst_rom' (13#1) [F:/MyRVCore/04.MemoryAccess/MemoryAccess.srcs/sources_1/new/inst_rom.v:23]
INFO: [Synth 8-6157] synthesizing module 'data_ram' [F:/MyRVCore/04.MemoryAccess/MemoryAccess.srcs/sources_1/new/data_ram.v:23]
